1670507995976:find-all-person
1670508017862:find-all-pet
1670508054949:insert-new-person
1670508070734:find-all-person
1670508084194:update-person
1670508136901:find-person-by-id
1670508187561:update-person
1670531209900:find-all-person
1670531221075:find-by-id-person
1670531229361:find-person-by-id
1670531242927:update-person
1670532211377:find-person-by-id
1670532219448:update-person
1670533137876:find-person-by-id
1670533147584:update-person
1670533251914:find-person-by-id
1670533261283:update-person
1670533362666:find-person0by0id
1670533375218:find-person-by-id
1670533383261:update-person
1670536792375:find-by-id
1670536800973:find-person-by-id
1670536808482:update-person
1670536830313:find-all-person
